<?xml version="1.0" encoding="UTF-8"?>
<!-- Generated by org.testng.reporters.JUnitReportReporter -->
<testsuite hostname="Abshaalom" failures="0" tests="4" name="testpkg.CuraHealthTestClass" time="55.551" errors="0" timestamp="2024-11-05T22:54:32 IST" skipped="0">
  <testcase classname="testpkg.CuraHealthTestClass" name="testSubmitValues" time="34.365"/>
  <system-out/>
  <testcase classname="testpkg.CuraHealthTestClass" name="testconfirm" time="0.020"/>
  <system-out/>
  <testcase classname="testpkg.CuraHealthTestClass" name="testLogin" time="14.908"/>
  <system-out/>
  <testcase classname="testpkg.CuraHealthTestClass" name="testwindowhandle" time="6.258"/>
  <system-out/>
</testsuite> <!-- testpkg.CuraHealthTestClass -->
